#! /usr/local/iverilog/bin/vvp
:ivl_version "11.0 (devel)" "(s20150603-642-g3bdb50da)";
:ivl_delay_selection "TYPICAL";
:vpi_time_precision + 0;
:vpi_module "system";
:vpi_module "vhdl_sys";
:vpi_module "vhdl_textio";
:vpi_module "v2005_math";
:vpi_module "va_math";
S_0000000001132670 .scope module, "labK" "labK" 2 1;
 .timescale 0 0;
v000000000111e5b0_0 .var "x", 31 0;
v000000000111eee0_0 .var "y", 31 0;
v0000000001132800_0 .var "z", 31 0;
    .scope S_0000000001132670;
T_0 ;
    %vpi_call 2 4 "$monitor", "%2d: x=%1d y=%1d z=%1d", $time, v000000000111e5b0_0, v000000000111eee0_0, v0000000001132800_0 {0 0 0};
    %end;
    .thread T_0;
    .scope S_0000000001132670;
T_1 ;
    %delay 7, 0;
    %load/vec4 v000000000111e5b0_0;
    %addi 1, 0, 32;
    %store/vec4 v000000000111e5b0_0, 0, 32;
    %jmp T_1;
    .thread T_1;
    .scope S_0000000001132670;
T_2 ;
    %delay 10, 0;
    %pushi/vec4 5, 0, 32;
    %store/vec4 v000000000111e5b0_0, 0, 32;
    %delay 10, 0;
    %load/vec4 v000000000111e5b0_0;
    %addi 1, 0, 32;
    %store/vec4 v000000000111eee0_0, 0, 32;
    %delay 10, 0;
    %load/vec4 v000000000111eee0_0;
    %addi 1, 0, 32;
    %store/vec4 v0000000001132800_0, 0, 32;
    %delay 1, 0;
    %vpi_call 2 21 "$finish" {0 0 0};
    %end;
    .thread T_2;
# The file index is used to find the file name in the following table.
:file_names 3;
    "N/A";
    "<interactive>";
    "LabK2.v";
